<?xml version="1.0" encoding="UTF-8"?>
<!-- Generated by org.testng.reporters.JUnitReportReporter -->
<testsuite hostname="dell" failures="0" tests="2" name="demo" time="0.022" errors="0" timestamp="2023-08-01T12:29:10 IST" skipped="0">
  <testcase classname="demo" name="s" time="0.016"/>
  <system-out/>
  <testcase classname="demo" name="s" time="0.006"/>
  <system-out/>
</testsuite> <!-- demo -->
