<?xml version="1.0" encoding="UTF-8"?>
<!-- Generated by org.testng.reporters.JUnitReportReporter -->
<testsuite hostname="dell" failures="0" tests="1" name="exceldatabaseutility" time="107.799" errors="0" timestamp="2023-08-01T12:25:28 IST" skipped="0">
  <testcase classname="exceldatabaseutility" name="excelData" time="107.799"/>
  <system-out/>
</testsuite> <!-- exceldatabaseutility -->
