<?xml version="1.0" encoding="UTF-8"?>
<!-- Generated by org.testng.reporters.JUnitReportReporter -->
<testsuite hostname="DESKTOP-3IP3P2V" name="extentReports.TC01" tests="1" failures="0" timestamp="9 Aug 2023 06:50:53 GMT" time="2.040" errors="0">
  <testcase name="demo" time="2.040" classname="extentReports.TC01"/>
</testsuite> <!-- extentReports.TC01 -->
